This is pdfTeX, Version 3.141592653-2.6-1.40.22 (MiKTeX 21.3) (preloaded format=pdflatex 2021.4.23)  1 DEC 2022 13:10
entering extended mode
**./bmc_jbd.tex
(bmc_jbd.tex
LaTeX2e <2020-10-01> patch level 4
L3 programming layer <2021-02-18> (bmcart.cls
Document Class: bmcart 2017/07/31BioMed Central class (VS)
(C:\Program Files\MiKTeX\tex/latex/base\article.cls
Document Class: article 2020/04/10 v1.4m Standard LaTeX document class
(C:\Program Files\MiKTeX\tex/latex/base\size10.clo
File: size10.clo 2020/04/10 v1.4m Standard LaTeX file (size option)
)
\c@part=\count179
\c@section=\count180
\c@subsection=\count181
\c@subsubsection=\count182
\c@paragraph=\count183
\c@subparagraph=\count184
\c@figure=\count185
\c@table=\count186
\abovecaptionskip=\skip47
\belowcaptionskip=\skip48
\bibindent=\dimen138
)
\mathindent=\dimen139

(C:\Program Files\MiKTeX\tex/latex/graphics\keyval.sty
Package: keyval 2014/10/28 v1.15 key=value parser (DPC)
\KV@toks@=\toks15
)
(C:\Program Files\MiKTeX\tex/latex/xcolor\xcolor.sty
Package: xcolor 2016/05/11 v2.12 LaTeX color extensions (UK)

(C:\Program Files\MiKTeX\tex/latex/graphics-cfg\color.cfg
File: color.cfg 2016/01/02 v1.6 sample color configuration
)
Package xcolor Info: Driver file: pdftex.def on input line 225.

(C:\Program Files\MiKTeX\tex/latex/graphics-def\pdftex.def
File: pdftex.def 2020/10/05 v1.2a Graphics/color driver for pdftex
)
Package xcolor Info: Model `cmy' substituted by `cmy0' on input line 1348.
Package xcolor Info: Model `hsb' substituted by `rgb' on input line 1352.
Package xcolor Info: Model `RGB' extended on input line 1364.
Package xcolor Info: Model `HTML' substituted by `rgb' on input line 1366.
Package xcolor Info: Model `Hsb' substituted by `hsb' on input line 1367.
Package xcolor Info: Model `tHsb' substituted by `hsb' on input line 1368.
Package xcolor Info: Model `HSB' substituted by `hsb' on input line 1369.
Package xcolor Info: Model `Gray' substituted by `gray' on input line 1370.
Package xcolor Info: Model `wave' substituted by `hsb' on input line 1371.
)
(C:\Program Files\MiKTeX\tex/latex/lastpage\lastpage.sty
Package: lastpage 2015/03/29 v1.2m Refers to last page's name (HMM; JPG)
)
\c@thanks=\count187
\bmcfloat@box=\box47
\c@author=\count188
\c@address=\count189
\sv@mathsurround=\dimen140
\fm@box=\box48
\c@addressref=\count190
\thanks@box=\box49
\abstract@box=\box50
\authors@list=\toks16
\keywords@list=\toks17
)
(C:\Program Files\MiKTeX\tex/latex/amscls\amsthm.sty
Package: amsthm 2020/05/29 v2.20.6
\thm@style=\toks18
\thm@bodyfont=\toks19
\thm@headfont=\toks20
\thm@notefont=\toks21
\thm@headpunct=\toks22
\thm@preskip=\skip49
\thm@postskip=\skip50
\thm@headsep=\skip51
\dth@everypar=\toks23
)
(C:\Program Files\MiKTeX\tex/latex/amsmath\amsmath.sty
Package: amsmath 2020/09/23 v2.17i AMS math features
\@mathmargin=\skip52

For additional information on amsmath, use the `?' option.
(C:\Program Files\MiKTeX\tex/latex/amsmath\amstext.sty
Package: amstext 2000/06/29 v2.01 AMS text

(C:\Program Files\MiKTeX\tex/latex/amsmath\amsgen.sty
File: amsgen.sty 1999/11/30 v2.0 generic functions
\@emptytoks=\toks24
\ex@=\dimen141
))
(C:\Program Files\MiKTeX\tex/latex/amsmath\amsbsy.sty
Package: amsbsy 1999/11/29 v1.2d Bold Symbols
\pmbraise@=\dimen142
)
(C:\Program Files\MiKTeX\tex/latex/amsmath\amsopn.sty
Package: amsopn 2016/03/08 v2.02 operator names
)
\inf@bad=\count191
LaTeX Info: Redefining \frac on input line 234.
\uproot@=\count192
\leftroot@=\count193
LaTeX Info: Redefining \overline on input line 399.
\classnum@=\count194
\DOTSCASE@=\count195
LaTeX Info: Redefining \ldots on input line 496.
LaTeX Info: Redefining \dots on input line 499.
LaTeX Info: Redefining \cdots on input line 620.
\Mathstrutbox@=\box51
\strutbox@=\box52
\big@size=\dimen143
LaTeX Font Info:    Redeclaring font encoding OML on input line 743.
LaTeX Font Info:    Redeclaring font encoding OMS on input line 744.
\macc@depth=\count196
\c@MaxMatrixCols=\count197
\dotsspace@=\muskip16
\c@parentequation=\count198
\dspbrk@lvl=\count199
\tag@help=\toks25
\row@=\count266
\column@=\count267
\maxfields@=\count268
\andhelp@=\toks26
\eqnshift@=\dimen144
\alignsep@=\dimen145
\tagshift@=\dimen146
\tagwidth@=\dimen147
\totwidth@=\dimen148
\lineht@=\dimen149
\@envbody=\toks27
\multlinegap=\skip53
\multlinetaggap=\skip54
\mathdisplay@stack=\toks28
LaTeX Info: Redefining \[ on input line 2923.
LaTeX Info: Redefining \] on input line 2924.
)
(C:\Program Files\MiKTeX\tex/latex/latex-tools\tabularx.sty
Package: tabularx 2020/01/15 v2.11c `tabularx' package (DPC)

(C:\Program Files\MiKTeX\tex/latex/latex-tools\array.sty
Package: array 2020/10/01 v2.5c Tabular extension package (FMi)
\col@sep=\dimen150
\ar@mcellbox=\box53
\extrarowheight=\dimen151
\NC@list=\toks29
\extratabsurround=\skip55
\backup@length=\skip56
\ar@cellbox=\box54
)
\TX@col@width=\dimen152
\TX@old@table=\dimen153
\TX@old@col=\dimen154
\TX@target=\dimen155
\TX@delta=\dimen156
\TX@cols=\count269
\TX@ftn=\toks30
)
(C:\Program Files\MiKTeX\tex/latex/latex-tools\xspace.sty
Package: xspace 2014/10/28 v1.13 Space after command names (DPC,MH)
)
(C:\Program Files\MiKTeX\tex/latex/graphics\epsfig.sty
Package: epsfig 2017/06/25 v1.7b (e)psfig emulation (SPQR)

(C:\Program Files\MiKTeX\tex/latex/graphics\graphicx.sty
Package: graphicx 2020/09/09 v1.2b Enhanced LaTeX Graphics (DPC,SPQR)

(C:\Program Files\MiKTeX\tex/latex/graphics\graphics.sty
Package: graphics 2020/08/30 v1.4c Standard LaTeX Graphics (DPC,SPQR)

(C:\Program Files\MiKTeX\tex/latex/graphics\trig.sty
Package: trig 2016/01/03 v1.10 sin cos tan (DPC)
)
(C:\Program Files\MiKTeX\tex/latex/graphics-cfg\graphics.cfg
File: graphics.cfg 2016/06/04 v1.11 sample graphics configuration
)
Package graphics Info: Driver file: pdftex.def on input line 105.
)
\Gin@req@height=\dimen157
\Gin@req@width=\dimen158
)
\epsfxsize=\dimen159
\epsfysize=\dimen160
)
(C:\Program Files\MiKTeX\tex/latex/caption\caption.sty
Package: caption 2020/10/26 v3.5g Customizing captions (AR)

(C:\Program Files\MiKTeX\tex/latex/caption\caption3.sty
Package: caption3 2020/10/21 v2.2e caption3 kernel (AR)
\captionmargin=\dimen161
\captionmargin@=\dimen162
\captionwidth=\dimen163
\caption@tempdima=\dimen164
\caption@indent=\dimen165
\caption@parindent=\dimen166
\caption@hangindent=\dimen167
Package caption Info: Unknown document class (or package),
(caption)             standard defaults will be used.
Package caption Info: \@makecaption = \long macro:#1#2-> \vskip \abovecaptionsk
ip \parbox [t]{\hsize }{\floatcaption@size {\floatcaptionname@size #1}\hskip .5
em #2\par }\vskip \belowcaptionskip  on input line 1139.
)

Package caption Warning: Unknown document class (or package),
(caption)                standard defaults will be used.
See the caption package documentation for explanation.

\c@caption@flags=\count270
\c@continuedfloat=\count271
) (C:\Program Files\MiKTeX\tex/latex/caption\subcaption.sty
Package: subcaption 2020/10/07 v1.3j Sub-captions (AR)
\c@subfigure=\count272
\c@subtable=\count273
)
(C:\Program Files\MiKTeX\tex/latex/jknappen\mathrsfs.sty
Package: mathrsfs 1996/01/01 Math RSFS package v1.0 (jk)
\symrsfs=\mathgroup4
)
(C:\Program Files\MiKTeX\tex/latex/amsfonts\amssymb.sty
Package: amssymb 2013/01/14 v3.01 AMS font symbols

(C:\Program Files\MiKTeX\tex/latex/amsfonts\amsfonts.sty
Package: amsfonts 2013/01/14 v3.01 Basic AMSFonts support
\symAMSa=\mathgroup5
\symAMSb=\mathgroup6
LaTeX Font Info:    Redeclaring math symbol \hbar on input line 98.
LaTeX Font Info:    Overwriting math alphabet `\mathfrak' in version `bold'
(Font)                  U/euf/m/n --> U/euf/b/n on input line 106.
))
(C:\Program Files\MiKTeX\tex/latex/pgf/frontendlayer\tikz.sty
(C:\Program Files\MiKTeX\tex/latex/pgf/basiclayer\pgf.sty
(C:\Program Files\MiKTeX\tex/latex/pgf/utilities\pgfrcs.sty
(C:\Program Files\MiKTeX\tex/generic/pgf/utilities\pgfutil-common.tex
\pgfutil@everybye=\toks31
\pgfutil@tempdima=\dimen168
\pgfutil@tempdimb=\dimen169

(C:\Program Files\MiKTeX\tex/generic/pgf/utilities\pgfutil-common-lists.tex))
(C:\Program Files\MiKTeX\tex/generic/pgf/utilities\pgfutil-latex.def
\pgfutil@abb=\box55
)
(C:\Program Files\MiKTeX\tex/generic/pgf/utilities\pgfrcs.code.tex
(C:\Program Files\MiKTeX\tex/generic/pgf\pgf.revision.tex)
Package: pgfrcs 2020/12/27 v3.1.8b (3.1.8b)
))
Package: pgf 2020/12/27 v3.1.8b (3.1.8b)

(C:\Program Files\MiKTeX\tex/latex/pgf/basiclayer\pgfcore.sty
(C:\Program Files\MiKTeX\tex/latex/pgf/systemlayer\pgfsys.sty
(C:\Program Files\MiKTeX\tex/generic/pgf/systemlayer\pgfsys.code.tex
Package: pgfsys 2020/12/27 v3.1.8b (3.1.8b)

(C:\Program Files\MiKTeX\tex/generic/pgf/utilities\pgfkeys.code.tex
\pgfkeys@pathtoks=\toks32
\pgfkeys@temptoks=\toks33

(C:\Program Files\MiKTeX\tex/generic/pgf/utilities\pgfkeysfiltered.code.tex
\pgfkeys@tmptoks=\toks34
))
\pgf@x=\dimen170
\pgf@y=\dimen171
\pgf@xa=\dimen172
\pgf@ya=\dimen173
\pgf@xb=\dimen174
\pgf@yb=\dimen175
\pgf@xc=\dimen176
\pgf@yc=\dimen177
\pgf@xd=\dimen178
\pgf@yd=\dimen179
\w@pgf@writea=\write3
\r@pgf@reada=\read2
\c@pgf@counta=\count274
\c@pgf@countb=\count275
\c@pgf@countc=\count276
\c@pgf@countd=\count277
\t@pgf@toka=\toks35
\t@pgf@tokb=\toks36
\t@pgf@tokc=\toks37
\pgf@sys@id@count=\count278

(C:\Program Files\MiKTeX\tex/generic/pgf/systemlayer\pgf.cfg
File: pgf.cfg 2020/12/27 v3.1.8b (3.1.8b)
)
Driver file for pgf: pgfsys-pdftex.def

(C:\Program Files\MiKTeX\tex/generic/pgf/systemlayer\pgfsys-pdftex.def
File: pgfsys-pdftex.def 2020/12/27 v3.1.8b (3.1.8b)

(C:\Program Files\MiKTeX\tex/generic/pgf/systemlayer\pgfsys-common-pdf.def
File: pgfsys-common-pdf.def 2020/12/27 v3.1.8b (3.1.8b)
)))
(C:\Program Files\MiKTeX\tex/generic/pgf/systemlayer\pgfsyssoftpath.code.tex
File: pgfsyssoftpath.code.tex 2020/12/27 v3.1.8b (3.1.8b)
\pgfsyssoftpath@smallbuffer@items=\count279
\pgfsyssoftpath@bigbuffer@items=\count280
)
(C:\Program Files\MiKTeX\tex/generic/pgf/systemlayer\pgfsysprotocol.code.tex
File: pgfsysprotocol.code.tex 2020/12/27 v3.1.8b (3.1.8b)
))
(C:\Program Files\MiKTeX\tex/generic/pgf/basiclayer\pgfcore.code.tex
Package: pgfcore 2020/12/27 v3.1.8b (3.1.8b)

(C:\Program Files\MiKTeX\tex/generic/pgf/math\pgfmath.code.tex
(C:\Program Files\MiKTeX\tex/generic/pgf/math\pgfmathcalc.code.tex
(C:\Program Files\MiKTeX\tex/generic/pgf/math\pgfmathutil.code.tex)
(C:\Program Files\MiKTeX\tex/generic/pgf/math\pgfmathparser.code.tex
\pgfmath@dimen=\dimen180
\pgfmath@count=\count281
\pgfmath@box=\box56
\pgfmath@toks=\toks38
\pgfmath@stack@operand=\toks39
\pgfmath@stack@operation=\toks40
)
(C:\Program Files\MiKTeX\tex/generic/pgf/math\pgfmathfunctions.code.tex
(C:\Program Files\MiKTeX\tex/generic/pgf/math\pgfmathfunctions.basic.code.tex)
(C:\Program Files\MiKTeX\tex/generic/pgf/math\pgfmathfunctions.trigonometric.co
de.tex)
(C:\Program Files\MiKTeX\tex/generic/pgf/math\pgfmathfunctions.random.code.tex)

(C:\Program Files\MiKTeX\tex/generic/pgf/math\pgfmathfunctions.comparison.code.
tex)
(C:\Program Files\MiKTeX\tex/generic/pgf/math\pgfmathfunctions.base.code.tex)
(C:\Program Files\MiKTeX\tex/generic/pgf/math\pgfmathfunctions.round.code.tex)
(C:\Program Files\MiKTeX\tex/generic/pgf/math\pgfmathfunctions.misc.code.tex)
(C:\Program Files\MiKTeX\tex/generic/pgf/math\pgfmathfunctions.integerarithmeti
cs.code.tex)))
(C:\Program Files\MiKTeX\tex/generic/pgf/math\pgfmathfloat.code.tex
\c@pgfmathroundto@lastzeros=\count282
))
(C:\Program Files\MiKTeX\tex/generic/pgf/math\pgfint.code.tex)
(C:\Program Files\MiKTeX\tex/generic/pgf/basiclayer\pgfcorepoints.code.tex
File: pgfcorepoints.code.tex 2020/12/27 v3.1.8b (3.1.8b)
\pgf@picminx=\dimen181
\pgf@picmaxx=\dimen182
\pgf@picminy=\dimen183
\pgf@picmaxy=\dimen184
\pgf@pathminx=\dimen185
\pgf@pathmaxx=\dimen186
\pgf@pathminy=\dimen187
\pgf@pathmaxy=\dimen188
\pgf@xx=\dimen189
\pgf@xy=\dimen190
\pgf@yx=\dimen191
\pgf@yy=\dimen192
\pgf@zx=\dimen193
\pgf@zy=\dimen194
)
(C:\Program Files\MiKTeX\tex/generic/pgf/basiclayer\pgfcorepathconstruct.code.t
ex
File: pgfcorepathconstruct.code.tex 2020/12/27 v3.1.8b (3.1.8b)
\pgf@path@lastx=\dimen195
\pgf@path@lasty=\dimen196
)
(C:\Program Files\MiKTeX\tex/generic/pgf/basiclayer\pgfcorepathusage.code.tex
File: pgfcorepathusage.code.tex 2020/12/27 v3.1.8b (3.1.8b)
\pgf@shorten@end@additional=\dimen197
\pgf@shorten@start@additional=\dimen198
)
(C:\Program Files\MiKTeX\tex/generic/pgf/basiclayer\pgfcorescopes.code.tex
File: pgfcorescopes.code.tex 2020/12/27 v3.1.8b (3.1.8b)
\pgfpic=\box57
\pgf@hbox=\box58
\pgf@layerbox@main=\box59
\pgf@picture@serial@count=\count283
)
(C:\Program Files\MiKTeX\tex/generic/pgf/basiclayer\pgfcoregraphicstate.code.te
x
File: pgfcoregraphicstate.code.tex 2020/12/27 v3.1.8b (3.1.8b)
\pgflinewidth=\dimen199
)
(C:\Program Files\MiKTeX\tex/generic/pgf/basiclayer\pgfcoretransformations.code
.tex
File: pgfcoretransformations.code.tex 2020/12/27 v3.1.8b (3.1.8b)
\pgf@pt@x=\dimen256
\pgf@pt@y=\dimen257
\pgf@pt@temp=\dimen258
) (C:\Program Files\MiKTeX\tex/generic/pgf/basiclayer\pgfcorequick.code.tex
File: pgfcorequick.code.tex 2020/12/27 v3.1.8b (3.1.8b)
) (C:\Program Files\MiKTeX\tex/generic/pgf/basiclayer\pgfcoreobjects.code.tex
File: pgfcoreobjects.code.tex 2020/12/27 v3.1.8b (3.1.8b)
)
(C:\Program Files\MiKTeX\tex/generic/pgf/basiclayer\pgfcorepathprocessing.code.
tex
File: pgfcorepathprocessing.code.tex 2020/12/27 v3.1.8b (3.1.8b)
) (C:\Program Files\MiKTeX\tex/generic/pgf/basiclayer\pgfcorearrows.code.tex
File: pgfcorearrows.code.tex 2020/12/27 v3.1.8b (3.1.8b)
\pgfarrowsep=\dimen259
) (C:\Program Files\MiKTeX\tex/generic/pgf/basiclayer\pgfcoreshade.code.tex
File: pgfcoreshade.code.tex 2020/12/27 v3.1.8b (3.1.8b)
\pgf@max=\dimen260
\pgf@sys@shading@range@num=\count284
\pgf@shadingcount=\count285
)
(C:\Program Files\MiKTeX\tex/generic/pgf/basiclayer\pgfcoreimage.code.tex
File: pgfcoreimage.code.tex 2020/12/27 v3.1.8b (3.1.8b)

(C:\Program Files\MiKTeX\tex/generic/pgf/basiclayer\pgfcoreexternal.code.tex
File: pgfcoreexternal.code.tex 2020/12/27 v3.1.8b (3.1.8b)
\pgfexternal@startupbox=\box60
))
(C:\Program Files\MiKTeX\tex/generic/pgf/basiclayer\pgfcorelayers.code.tex
File: pgfcorelayers.code.tex 2020/12/27 v3.1.8b (3.1.8b)
)
(C:\Program Files\MiKTeX\tex/generic/pgf/basiclayer\pgfcoretransparency.code.te
x
File: pgfcoretransparency.code.tex 2020/12/27 v3.1.8b (3.1.8b)
) (C:\Program Files\MiKTeX\tex/generic/pgf/basiclayer\pgfcorepatterns.code.tex
File: pgfcorepatterns.code.tex 2020/12/27 v3.1.8b (3.1.8b)
) (C:\Program Files\MiKTeX\tex/generic/pgf/basiclayer\pgfcorerdf.code.tex
File: pgfcorerdf.code.tex 2020/12/27 v3.1.8b (3.1.8b)
)))
(C:\Program Files\MiKTeX\tex/generic/pgf/modules\pgfmoduleshapes.code.tex
File: pgfmoduleshapes.code.tex 2020/12/27 v3.1.8b (3.1.8b)
\pgfnodeparttextbox=\box61
)
(C:\Program Files\MiKTeX\tex/generic/pgf/modules\pgfmoduleplot.code.tex
File: pgfmoduleplot.code.tex 2020/12/27 v3.1.8b (3.1.8b)
)
(C:\Program Files\MiKTeX\tex/latex/pgf/compatibility\pgfcomp-version-0-65.sty
Package: pgfcomp-version-0-65 2020/12/27 v3.1.8b (3.1.8b)
\pgf@nodesepstart=\dimen261
\pgf@nodesepend=\dimen262
)
(C:\Program Files\MiKTeX\tex/latex/pgf/compatibility\pgfcomp-version-1-18.sty
Package: pgfcomp-version-1-18 2020/12/27 v3.1.8b (3.1.8b)
)) (C:\Program Files\MiKTeX\tex/latex/pgf/utilities\pgffor.sty
(C:\Program Files\MiKTeX\tex/latex/pgf/utilities\pgfkeys.sty
(C:\Program Files\MiKTeX\tex/generic/pgf/utilities\pgfkeys.code.tex))
(C:\Program Files\MiKTeX\tex/latex/pgf/math\pgfmath.sty
(C:\Program Files\MiKTeX\tex/generic/pgf/math\pgfmath.code.tex))
(C:\Program Files\MiKTeX\tex/generic/pgf/utilities\pgffor.code.tex
Package: pgffor 2020/12/27 v3.1.8b (3.1.8b)

(C:\Program Files\MiKTeX\tex/generic/pgf/math\pgfmath.code.tex)
\pgffor@iter=\dimen263
\pgffor@skip=\dimen264
\pgffor@stack=\toks41
\pgffor@toks=\toks42
))
(C:\Program Files\MiKTeX\tex/generic/pgf/frontendlayer/tikz\tikz.code.tex
Package: tikz 2020/12/27 v3.1.8b (3.1.8b)

(C:\Program Files\MiKTeX\tex/generic/pgf/libraries\pgflibraryplothandlers.code.
tex
File: pgflibraryplothandlers.code.tex 2020/12/27 v3.1.8b (3.1.8b)
\pgf@plot@mark@count=\count286
\pgfplotmarksize=\dimen265
)
\tikz@lastx=\dimen266
\tikz@lasty=\dimen267
\tikz@lastxsaved=\dimen268
\tikz@lastysaved=\dimen269
\tikz@lastmovetox=\dimen270
\tikz@lastmovetoy=\dimen271
\tikzleveldistance=\dimen272
\tikzsiblingdistance=\dimen273
\tikz@figbox=\box62
\tikz@figbox@bg=\box63
\tikz@tempbox=\box64
\tikz@tempbox@bg=\box65
\tikztreelevel=\count287
\tikznumberofchildren=\count288
\tikznumberofcurrentchild=\count289
\tikz@fig@count=\count290
 (C:\Program Files\MiKTeX\tex/generic/pgf/modules\pgfmodulematrix.code.tex
File: pgfmodulematrix.code.tex 2020/12/27 v3.1.8b (3.1.8b)
\pgfmatrixcurrentrow=\count291
\pgfmatrixcurrentcolumn=\count292
\pgf@matrix@numberofcolumns=\count293
)
\tikz@expandcount=\count294

(C:\Program Files\MiKTeX\tex/generic/pgf/frontendlayer/tikz/libraries\tikzlibra
rytopaths.code.tex
File: tikzlibrarytopaths.code.tex 2020/12/27 v3.1.8b (3.1.8b)
))) (C:\Program Files\MiKTeX\tex/latex/latex-tools\calc.sty
Package: calc 2017/05/25 v4.3 Infix arithmetic (KKT,FJ)
\calc@Acount=\count295
\calc@Bcount=\count296
\calc@Adimen=\dimen274
\calc@Bdimen=\dimen275
\calc@Askip=\skip57
\calc@Bskip=\skip58
LaTeX Info: Redefining \setlength on input line 80.
LaTeX Info: Redefining \addtolength on input line 81.
\calc@Ccount=\count297
\calc@Cskip=\skip59
)
(C:\Program Files\MiKTeX\tex/generic/pgf/frontendlayer/tikz/libraries\tikzlibra
rypositioning.code.tex
File: tikzlibrarypositioning.code.tex 2020/12/27 v3.1.8b (3.1.8b)
)
(C:\Program Files\MiKTeX\tex/generic/pgf/frontendlayer/tikz/libraries\tikzlibra
ryshadows.code.tex
File: tikzlibraryshadows.code.tex 2020/12/27 v3.1.8b (3.1.8b)

(C:\Program Files\MiKTeX\tex/generic/pgf/frontendlayer/tikz/libraries\tikzlibra
ryfadings.code.tex
File: tikzlibraryfadings.code.tex 2020/12/27 v3.1.8b (3.1.8b)

(C:\Program Files\MiKTeX\tex/generic/pgf/libraries\pgflibraryfadings.code.tex
File: pgflibraryfadings.code.tex 2020/12/27 v3.1.8b (3.1.8b)
)))
(C:\Program Files\MiKTeX\tex/generic/pgf/frontendlayer/tikz/libraries\tikzlibra
ryarrows.code.tex
File: tikzlibraryarrows.code.tex 2020/12/27 v3.1.8b (3.1.8b)

(C:\Program Files\MiKTeX\tex/generic/pgf/libraries\pgflibraryarrows.code.tex
File: pgflibraryarrows.code.tex 2020/12/27 v3.1.8b (3.1.8b)
\arrowsize=\dimen276
))
(C:\Program Files\MiKTeX\tex/generic/pgf/frontendlayer/tikz/libraries\tikzlibra
rytrees.code.tex
File: tikzlibrarytrees.code.tex 2020/12/27 v3.1.8b (3.1.8b)
)
(C:\Program Files\MiKTeX\tex/generic/pgf/frontendlayer/tikz/libraries\tikzlibra
ryshapes.code.tex
File: tikzlibraryshapes.code.tex 2020/12/27 v3.1.8b (3.1.8b)

(C:\Program Files\MiKTeX\tex/generic/pgf/frontendlayer/tikz/libraries\tikzlibra
ryshapes.geometric.code.tex
File: tikzlibraryshapes.geometric.code.tex 2020/12/27 v3.1.8b (3.1.8b)

(C:\Program Files\MiKTeX\tex/generic/pgf/libraries/shapes\pgflibraryshapes.geom
etric.code.tex
File: pgflibraryshapes.geometric.code.tex 2020/12/27 v3.1.8b (3.1.8b)
))
(C:\Program Files\MiKTeX\tex/generic/pgf/frontendlayer/tikz/libraries\tikzlibra
ryshapes.misc.code.tex
File: tikzlibraryshapes.misc.code.tex 2020/12/27 v3.1.8b (3.1.8b)

(C:\Program Files\MiKTeX\tex/generic/pgf/libraries/shapes\pgflibraryshapes.misc
.code.tex
File: pgflibraryshapes.misc.code.tex 2020/12/27 v3.1.8b (3.1.8b)
))
(C:\Program Files\MiKTeX\tex/generic/pgf/frontendlayer/tikz/libraries\tikzlibra
ryshapes.symbols.code.tex
File: tikzlibraryshapes.symbols.code.tex 2020/12/27 v3.1.8b (3.1.8b)

(C:\Program Files\MiKTeX\tex/generic/pgf/libraries/shapes\pgflibraryshapes.symb
ols.code.tex
File: pgflibraryshapes.symbols.code.tex 2020/12/27 v3.1.8b (3.1.8b)
))
(C:\Program Files\MiKTeX\tex/generic/pgf/frontendlayer/tikz/libraries\tikzlibra
ryshapes.arrows.code.tex
File: tikzlibraryshapes.arrows.code.tex 2020/12/27 v3.1.8b (3.1.8b)

(C:\Program Files\MiKTeX\tex/generic/pgf/libraries/shapes\pgflibraryshapes.arro
ws.code.tex
File: pgflibraryshapes.arrows.code.tex 2020/12/27 v3.1.8b (3.1.8b)
))
(C:\Program Files\MiKTeX\tex/generic/pgf/frontendlayer/tikz/libraries\tikzlibra
ryshapes.callouts.code.tex
(C:\Program Files\MiKTeX\tex/generic/pgf/libraries/shapes\pgflibraryshapes.call
outs.code.tex))
(C:\Program Files\MiKTeX\tex/generic/pgf/frontendlayer/tikz/libraries\tikzlibra
ryshapes.multipart.code.tex
File: tikzlibraryshapes.multipart.code.tex 2020/12/27 v3.1.8b (3.1.8b)

(C:\Program Files\MiKTeX\tex/generic/pgf/libraries/shapes\pgflibraryshapes.mult
ipart.code.tex
File: pgflibraryshapes.multipart.code.tex 2020/12/27 v3.1.8b (3.1.8b)
\pgfnodepartlowerbox=\box66
\pgfnodeparttwobox=\box67
\pgfnodepartthreebox=\box68
\pgfnodepartfourbox=\box69
\pgfnodeparttwentybox=\box70
\pgfnodepartnineteenbox=\box71
\pgfnodeparteighteenbox=\box72
\pgfnodepartseventeenbox=\box73
\pgfnodepartsixteenbox=\box74
\pgfnodepartfifteenbox=\box75
\pgfnodepartfourteenbox=\box76
\pgfnodepartthirteenbox=\box77
\pgfnodeparttwelvebox=\box78
\pgfnodepartelevenbox=\box79
\pgfnodeparttenbox=\box80
\pgfnodepartninebox=\box81
\pgfnodeparteightbox=\box82
\pgfnodepartsevenbox=\box83
\pgfnodepartsixbox=\box84
\pgfnodepartfivebox=\box85
)))
(C:\Program Files\MiKTeX\tex/generic/pgf/frontendlayer/tikz/libraries\tikzlibra
ryfit.code.tex
File: tikzlibraryfit.code.tex 2020/12/27 v3.1.8b (3.1.8b)
) (C:\Program Files\MiKTeX\tex/latex/blindtext\blindtext.sty
Package: blindtext 2012/01/06 V2.0 blindtext-Package
\c@blindtext=\count298
\c@Blindtext=\count299
\c@blind@countparstart=\count300
\blind@countxx=\count301
\blindtext@numBlindtext=\count302
\blind@countyy=\count303
\c@blindlist=\count304
\c@blindlistlevel=\count305
\c@blindlist@level=\count306
\blind@listitem=\count307
\c@blind@listcount=\count308
\c@blind@levelcount=\count309
\blind@mathformula=\count310
\blind@Mathformula=\count311
\c@blind@randomcount=\count312
\c@blind@randommax=\count313
\c@blind@pangramcount=\count314
\c@blind@pangrammax=\count315
)
(C:\Program Files\MiKTeX\tex/latex/pgfplots\pgfplots.sty
(C:\Program Files\MiKTeX\tex/generic/pgfplots\pgfplots.revision.tex)
Package: pgfplots 2020/02/29 v1.17 Data Visualization (1.17)

(C:\Program Files\MiKTeX\tex/generic/pgfplots\pgfplots.code.tex
(C:\Program Files\MiKTeX\tex/generic/pgfplots\pgfplotscore.code.tex
\t@pgfplots@toka=\toks43
\t@pgfplots@tokb=\toks44
\t@pgfplots@tokc=\toks45
\pgfplots@tmpa=\dimen277
\c@pgfplots@coordindex=\count316
\c@pgfplots@scanlineindex=\count317

(C:\Program Files\MiKTeX\tex/generic/pgfplots/sys\pgfplotssysgeneric.code.tex))
(C:\Program Files\MiKTeX\tex/generic/pgfplots/libs\pgfplotslibrary.code.tex)
(C:\Program Files\MiKTeX\tex/generic/pgfplots/oldpgfcompatib\pgfplotsoldpgfsupp
_loader.code.tex
(C:\Program Files\MiKTeX\tex/generic/pgf/libraries\pgflibraryfpu.code.tex))
(C:\Program Files\MiKTeX\tex/generic/pgfplots/util\pgfplotsutil.code.tex
(C:\Program Files\MiKTeX\tex/generic/pgfplots/liststructure\pgfplotsliststructu
re.code.tex)
(C:\Program Files\MiKTeX\tex/generic/pgfplots/liststructure\pgfplotsliststructu
reext.code.tex)
(C:\Program Files\MiKTeX\tex/generic/pgfplots/liststructure\pgfplotsarray.code.
tex
\c@pgfplotsarray@tmp=\count318
)
(C:\Program Files\MiKTeX\tex/generic/pgfplots/liststructure\pgfplotsmatrix.code
.tex)
(C:\Program Files\MiKTeX\tex/generic/pgfplots/numtable\pgfplotstableshared.code
.tex
\c@pgfplotstable@counta=\count319
\t@pgfplotstable@a=\toks46
)
(C:\Program Files\MiKTeX\tex/generic/pgfplots/liststructure\pgfplotsdeque.code.
tex) (C:\Program Files\MiKTeX\tex/generic/pgfplots/util\pgfplotsbinary.code.tex

(C:\Program Files\MiKTeX\tex/generic/pgfplots/util\pgfplotsbinary.data.code.tex
))
(C:\Program Files\MiKTeX\tex/generic/pgfplots/util\pgfplotsutil.verb.code.tex)
(C:\Program Files\MiKTeX\tex/generic/pgfplots/libs\pgflibrarypgfplots.surfshadi
ng.code.tex
\c@pgfplotslibrarysurf@no=\count320

(C:\Program Files\MiKTeX\tex/generic/pgfplots/sys\pgflibrarypgfplots.surfshadin
g.pgfsys-pdftex.def)))
(C:\Program Files\MiKTeX\tex/generic/pgfplots/util\pgfplotscolormap.code.tex
(C:\Program Files\MiKTeX\tex/generic/pgfplots/util\pgfplotscolor.code.tex))
(C:\Program Files\MiKTeX\tex/generic/pgfplots\pgfplotsstackedplots.code.tex)
(C:\Program Files\MiKTeX\tex/generic/pgfplots\pgfplotsplothandlers.code.tex
(C:\Program Files\MiKTeX\tex/generic/pgfplots\pgfplotsmeshplothandler.code.tex
(C:\Program Files\MiKTeX\tex/generic/pgfplots\pgfplotsmeshplotimage.code.tex)))
(C:\Program Files\MiKTeX\tex/generic/pgfplots\pgfplots.scaling.code.tex)
(C:\Program Files\MiKTeX\tex/generic/pgfplots\pgfplotscoordprocessing.code.tex)
(C:\Program Files\MiKTeX\tex/generic/pgfplots\pgfplots.errorbars.code.tex)
(C:\Program Files\MiKTeX\tex/generic/pgfplots\pgfplots.markers.code.tex)
(C:\Program Files\MiKTeX\tex/generic/pgfplots\pgfplotsticks.code.tex)
(C:\Program Files\MiKTeX\tex/generic/pgfplots\pgfplots.paths.code.tex)
(C:\Program Files\MiKTeX\tex/generic/pgf/frontendlayer/tikz/libraries\tikzlibra
rydecorations.code.tex
(C:\Program Files\MiKTeX\tex/generic/pgf/modules\pgfmoduledecorations.code.tex
\pgfdecoratedcompleteddistance=\dimen278
\pgfdecoratedremainingdistance=\dimen279
\pgfdecoratedinputsegmentcompleteddistance=\dimen280
\pgfdecoratedinputsegmentremainingdistance=\dimen281
\pgf@decorate@distancetomove=\dimen282
\pgf@decorate@repeatstate=\count321
\pgfdecorationsegmentamplitude=\dimen283
\pgfdecorationsegmentlength=\dimen284
)
\tikz@lib@dec@box=\box86
)
(C:\Program Files\MiKTeX\tex/generic/pgf/frontendlayer/tikz/libraries\tikzlibra
rydecorations.pathmorphing.code.tex
(C:\Program Files\MiKTeX\tex/generic/pgf/libraries/decorations\pgflibrarydecora
tions.pathmorphing.code.tex))
(C:\Program Files\MiKTeX\tex/generic/pgf/frontendlayer/tikz/libraries\tikzlibra
rydecorations.pathreplacing.code.tex
(C:\Program Files\MiKTeX\tex/generic/pgf/libraries/decorations\pgflibrarydecora
tions.pathreplacing.code.tex))
\pgfplots@numplots=\count322
\pgfplots@xmin@reg=\dimen285
\pgfplots@xmax@reg=\dimen286
\pgfplots@ymin@reg=\dimen287
\pgfplots@ymax@reg=\dimen288
\pgfplots@zmin@reg=\dimen289
\pgfplots@zmax@reg=\dimen290
)
(C:\Program Files\MiKTeX\tex/generic/pgf/frontendlayer/tikz/libraries\tikzlibra
ryplotmarks.code.tex
File: tikzlibraryplotmarks.code.tex 2020/12/27 v3.1.8b (3.1.8b)

(C:\Program Files\MiKTeX\tex/generic/pgf/libraries\pgflibraryplotmarks.code.tex
File: pgflibraryplotmarks.code.tex 2020/12/27 v3.1.8b (3.1.8b)
))) (C:\Program Files\MiKTeX\tex/latex/pythonhighlight\pythonhighlight.sty
Package: pythonhighlight 2017/02/09 python code highlighting; provided by Olivi
er Verdier <olivier.verdier@gmail.com>

(C:\Program Files\MiKTeX\tex/latex/listings\listings.sty
\lst@mode=\count323
\lst@gtempboxa=\box87
\lst@token=\toks47
\lst@length=\count324
\lst@currlwidth=\dimen291
\lst@column=\count325
\lst@pos=\count326
\lst@lostspace=\dimen292
\lst@width=\dimen293
\lst@newlines=\count327
\lst@lineno=\count328
\lst@maxwidth=\dimen294

(C:\Program Files\MiKTeX\tex/latex/listings\lstmisc.sty
File: lstmisc.sty 2020/03/24 1.8d (Carsten Heinz)
\c@lstnumber=\count329
\lst@skipnumbers=\count330
\lst@framebox=\box88
)
(C:\Program Files\MiKTeX\tex/latex/listings\listings.cfg
File: listings.cfg 2020/03/24 1.8d listings configuration
))
Package: listings 2020/03/24 1.8d (Carsten Heinz)
)
(C:\Program Files\MiKTeX\tex/latex/mathtools\mathtools.sty
Package: mathtools 2021/04/12 v1.27 mathematical typesetting tools

(C:\Program Files\MiKTeX\tex/latex/mathtools\mhsetup.sty
Package: mhsetup 2021/03/18 v1.4 programming setup (MH)
)
LaTeX Info: Thecontrolsequence`\('isalreadyrobust on input line 130.
LaTeX Info: Thecontrolsequence`\)'isalreadyrobust on input line 130.
LaTeX Info: Thecontrolsequence`\['isalreadyrobust on input line 130.
LaTeX Info: Thecontrolsequence`\]'isalreadyrobust on input line 130.
\g_MT_multlinerow_int=\count331
\l_MT_multwidth_dim=\dimen295
\origjot=\skip60
\l_MT_shortvdotswithinadjustabove_dim=\dimen296
\l_MT_shortvdotswithinadjustbelow_dim=\dimen297
\l_MT_above_intertext_sep=\dimen298
\l_MT_below_intertext_sep=\dimen299
\l_MT_above_shortintertext_sep=\dimen300
\l_MT_below_shortintertext_sep=\dimen301
\xmathstrut@box=\box89
\xmathstrut@dim=\dimen302
)
(C:\Program Files\MiKTeX\tex/latex/algorithms\algorithm.sty
Package: algorithm 2009/08/24 v0.1 Document Style `algorithm' - floating enviro
nment

(C:\Program Files\MiKTeX\tex/latex/float\float.sty
Package: float 2001/11/08 v1.3d Float enhancements (AL)
\c@float@type=\count332
\float@exts=\toks48
\float@box=\box90
\@float@everytoks=\toks49
\@floatcapt=\box91
)
(C:\Program Files\MiKTeX\tex/latex/base\ifthen.sty
Package: ifthen 2014/09/29 v1.1c Standard LaTeX ifthen package (DPC)
)
\@float@every@algorithm=\toks50
\c@algorithm=\count333
)
(C:\Program Files\MiKTeX\tex/latex/algorithmicx\algpseudocode.sty
Package: algpseudocode 

(C:\Program Files\MiKTeX\tex/latex/algorithmicx\algorithmicx.sty
Package: algorithmicx 2005/04/27 v1.2 Algorithmicx

Document Style algorithmicx 1.2 - a greatly improved `algorithmic' style
\c@ALG@line=\count334
\c@ALG@rem=\count335
\c@ALG@nested=\count336
\ALG@tlm=\skip61
\ALG@thistlm=\skip62
\c@ALG@Lnr=\count337
\c@ALG@blocknr=\count338
\c@ALG@storecount=\count339
\c@ALG@tmpcounter=\count340
\ALG@tmplength=\skip63
)
Document Style - pseudocode environments for use with the `algorithmicx' style
) (C:\Program Files\MiKTeX\tex/latex/url\url.sty
\Urlmuskip=\muskip17
Package: url 2013/09/16  ver 3.4  Verb mode for urls, etc.
)
\c@definition=\count341
\c@Lemma=\count342

(C:\Program Files\MiKTeX\tex/latex/fixme\fixme.sty
Package: fixme 2019/01/03 v4.5 Collaborative annotations for LaTeX2e

(C:\Program Files\MiKTeX\tex/latex/latex-tools\verbatim.sty
Package: verbatim 2020-07-07 v1.5u LaTeX2e package for verbatim enhancements
\every@verbatim=\toks51
\verbatim@line=\toks52
\verbatim@in@stream=\read3
)
(C:\Program Files\MiKTeX\tex/latex/xkeyval\xkeyval.sty
Package: xkeyval 2020/11/20 v2.8 package option processing (HA)

(C:\Program Files\MiKTeX\tex/generic/xkeyval\xkeyval.tex
(C:\Program Files\MiKTeX\tex/generic/xkeyval\xkvutils.tex
\XKV@toks=\toks53
\XKV@tempa@toks=\toks54
)
\XKV@depth=\count343
File: xkeyval.tex 2014/12/03 v2.7a key=value parser (HA)
))
\lox@file=\read4
\c@fixmecount=\count344
\c@fxnotecount=\count345
\c@fxwarningcount=\count346
\c@fxerrorcount=\count347
\c@fxfatalcount=\count348
)
(C:\Program Files\MiKTeX\tex/latex/base\inputenc.sty
Package: inputenc 2020/08/01 v1.3d Input encoding file
\inpenc@prehook=\toks55
\inpenc@posthook=\toks56
)
(C:\Program Files\MiKTeX\tex/latex/l3backend\l3backend-pdftex.def
File: l3backend-pdftex.def 2021-03-18 L3 backend support: PDF output (pdfTeX)
\l__color_backend_stack_int=\count349
\l__pdf_internal_box=\box92
) (bmc_jbd.aux)
\openout1 = `bmc_jbd.aux'.

LaTeX Font Info:    Checking defaults for OML/cmm/m/it on input line 117.
LaTeX Font Info:    ... okay on input line 117.
LaTeX Font Info:    Checking defaults for OMS/cmsy/m/n on input line 117.
LaTeX Font Info:    ... okay on input line 117.
LaTeX Font Info:    Checking defaults for OT1/cmr/m/n on input line 117.
LaTeX Font Info:    ... okay on input line 117.
LaTeX Font Info:    Checking defaults for T1/cmr/m/n on input line 117.
LaTeX Font Info:    ... okay on input line 117.
LaTeX Font Info:    Checking defaults for TS1/cmr/m/n on input line 117.
LaTeX Font Info:    ... okay on input line 117.
LaTeX Font Info:    Checking defaults for OMX/cmex/m/n on input line 117.
LaTeX Font Info:    ... okay on input line 117.
LaTeX Font Info:    Checking defaults for U/cmr/m/n on input line 117.
LaTeX Font Info:    ... okay on input line 117.
 (C:\Program Files\MiKTeX\tex/context/base/mkii\supp-pdf.mkii
[Loading MPS to PDF converter (version 2006.09.02).]
\scratchcounter=\count350
\scratchdimen=\dimen303
\scratchbox=\box93
\nofMPsegments=\count351
\nofMParguments=\count352
\everyMPshowfont=\toks57
\MPscratchCnt=\count353
\MPscratchDim=\dimen304
\MPnumerator=\count354
\makeMPintoPDFobject=\count355
\everyMPtoPDFconversion=\toks58
) (C:\Program Files\MiKTeX\tex/latex/epstopdf-pkg\epstopdf-base.sty
Package: epstopdf-base 2020-01-24 v2.11 Base part for package epstopdf

(C:\Program Files\MiKTeX\tex/generic/infwarerr\infwarerr.sty
Package: infwarerr 2019/12/03 v1.5 Providing info/warning/error messages (HO)
)
(C:\Program Files\MiKTeX\tex/latex/grfext\grfext.sty
Package: grfext 2019/12/03 v1.3 Manage graphics extensions (HO)

(C:\Program Files\MiKTeX\tex/generic/kvdefinekeys\kvdefinekeys.sty
Package: kvdefinekeys 2019-12-19 v1.6 Define keys (HO)
))
(C:\Program Files\MiKTeX\tex/latex/kvoptions\kvoptions.sty
Package: kvoptions 2020-10-07 v3.14 Key value format for package options (HO)

(C:\Program Files\MiKTeX\tex/generic/ltxcmds\ltxcmds.sty
Package: ltxcmds 2020-05-10 v1.25 LaTeX kernel commands for general use (HO)
)
(C:\Program Files\MiKTeX\tex/generic/kvsetkeys\kvsetkeys.sty
Package: kvsetkeys 2019/12/15 v1.18 Key value parser (HO)
))
(C:\Program Files\MiKTeX\tex/generic/pdftexcmds\pdftexcmds.sty
Package: pdftexcmds 2020-06-27 v0.33 Utility functions of pdfTeX for LuaTeX (HO
)

(C:\Program Files\MiKTeX\tex/generic/iftex\iftex.sty
Package: iftex 2020/03/06 v1.0d TeX engine tests
)
Package pdftexcmds Info: \pdf@primitive is available.
Package pdftexcmds Info: \pdf@ifprimitive is available.
Package pdftexcmds Info: \pdfdraftmode found.
)
Package epstopdf-base Info: Redefining graphics rule for `.eps' on input line 4
85.
Package grfext Info: Graphics extension search list:
(grfext)             [.pdf,.png,.jpg,.mps,.jpeg,.jbig2,.jb2,.PDF,.PNG,.JPG,.JPE
G,.JBIG2,.JB2,.eps]
(grfext)             \AppendGraphicsExtensions on input line 504.

(C:\Program Files\MiKTeX\tex/latex/00miktex\epstopdf-sys.cfg
File: epstopdf-sys.cfg 2021/03/18 v2.0 Configuration of epstopdf for MiKTeX
))
Package lastpage Info: Please have a look at the pageslts package at
(lastpage)             https://www.ctan.org/pkg/pageslts
(lastpage)             ! on input line 117.
Package caption Info: Begin \AtBeginDocument code.
Package caption Info: float package is loaded.
Package caption Info: listings package is loaded.
Package caption Info: End \AtBeginDocument code.


Package pgfplots Warning: running in backwards compatibility mode (unsuitable t
ick labels; missing features). Consider writing \pgfplotsset{compat=1.17} into 
your preamble.
 on input line 117.

\c@lstlisting=\count356

LaTeX Font Warning: Font shape `OT1/cmss/bx/n' in size <13> not available
(Font)              size <12> substituted on input line 123.


LaTeX Font Warning: Font shape `OT1/cmss/m/n' in size <24> not available
(Font)              size <24.88> substituted on input line 131.

LaTeX Font Info:    Calculating math sizes for size <11> on input line 152.

LaTeX Font Warning: Font shape `OT1/cmr/m/n' in size <5.5> not available
(Font)              size <5> substituted on input line 152.


LaTeX Font Warning: Font shape `OML/cmm/m/it' in size <5.5> not available
(Font)              size <5> substituted on input line 152.


LaTeX Font Warning: Font shape `OMS/cmsy/m/n' in size <5.5> not available
(Font)              size <5> substituted on input line 152.

LaTeX Font Info:    Trying to load font information for U+rsfs on input line 15
2.
(C:\Program Files\MiKTeX\tex/latex/jknappen\ursfs.fd
File: ursfs.fd 1998/03/24 rsfs font definition file (jk)
)

LaTeX Font Warning: Font shape `U/rsfs/m/n' in size <5.5> not available
(Font)              size <5> substituted on input line 152.

LaTeX Font Info:    Trying to load font information for U+msa on input line 152
.
(C:\Program Files\MiKTeX\tex/latex/amsfonts\umsa.fd
File: umsa.fd 2013/01/14 v3.01 AMS symbols A
)
LaTeX Font Info:    Trying to load font information for U+msb on input line 152
.

(C:\Program Files\MiKTeX\tex/latex/amsfonts\umsb.fd
File: umsb.fd 2013/01/14 v3.01 AMS symbols B
)
\address@aff1=\toks59
\address@aff2=\toks60


LaTeX Font Warning: Font shape `OT1/cmss/m/sc' in size <10> not available
(Font)              Font shape `OT1/cmr/m/sc' tried instead on input line 215.

LaTeX Font Info:    Font shape `OT1/cmss/m/it' in size <8> not available
(Font)              Font shape `OT1/cmss/m/sl' tried instead on input line 278.

[1{C:/Users/Aleksandar/AppData/Local/MiKTeX/pdftex/config/pdftex.map}

] [2]
Overfull \hbox (27.96503pt too wide) in paragraph at lines 328--329
 [][] 
 []

[3] [4] [5] [6] [7] [8] [9]
Underfull \hbox (badness 1314) in paragraph at lines 578--582
\OML/cmm/m/it/10 D[] \OT1/cmr/m/n/10 = \OMS/cmsy/m/n/10 f\OT1/cmr/m/n/10 ([1\OM
L/cmm/m/it/10 ; \OT1/cmr/m/n/10 2\OML/cmm/m/it/10 ; \OT1/cmr/m/n/10 5]\OML/cmm/
m/it/10 ; \OT1/cmr/m/n/10 7)\OML/cmm/m/it/10 ; \OT1/cmr/m/n/10 ([3\OML/cmm/m/it
/10 ; \OT1/cmr/m/n/10 4\OML/cmm/m/it/10 ; \OT1/cmr/m/n/10 3]\OML/cmm/m/it/10 ; 
\OT1/cmr/m/n/10 5)\OML/cmm/m/it/10 ; \OT1/cmr/m/n/10 ([4\OML/cmm/m/it/10 ; \OT1
/cmr/m/n/10 5\OML/cmm/m/it/10 ; \OT1/cmr/m/n/10 3]\OML/cmm/m/it/10 ; \OT1/cmr/m
/n/10 6)\OML/cmm/m/it/10 ; \OT1/cmr/m/n/10 ([6\OML/cmm/m/it/10 ; \OT1/cmr/m/n/1
0 7\OML/cmm/m/it/10 ; \OT1/cmr/m/n/10 4]\OML/cmm/m/it/10 ; \OT1/cmr/m/n/10 3)\O
ML/cmm/m/it/10 ; \OT1/cmr/m/n/10 ([3\OML/cmm/m/it/10 ; \OT1/cmr/m/n/10 3\OML/cm
m/m/it/10 ; \OT1/cmr/m/n/10 6]\OML/cmm/m/it/10 ; \OT1/cmr/m/n/10 2)\OMS/cmsy/m/
n/10 g$ \OT1/cmr/m/n/10 be a sam-
 []


Underfull \hbox (badness 816) in paragraph at lines 578--582
\OT1/cmr/m/n/10 pres-sion cache con-sist-ing of the fol-low-ing key-value en-tr
ies $\OML/cmm/m/it/10 cache \OT1/cmr/m/n/10 = \OMS/cmsy/m/n/10 f\OT1/cmr/m/n/10
 (\OML/cmm/m/it/10 x \OT1/cmr/m/n/10 +
 []

[10] [11] [12] [13]
Underfull \hbox (badness 1308) in paragraph at lines 745--746
\OT1/cmr/m/n/10 SRBench ($\OT1/cmtt/m/n/10 https : / / cavalab . org / srbench/
$\OT1/cmr/m/n/10 ) is an open-source bench-mark-ing
 []

[14]
FiXme Note: ' drugi parametar manje vise zavistan od ocekivanog nivoa suma -- n
e znam kako obrazloziti njegov tuning (mozda prema greski na trening skupu pa i
zabrati onaj za koji su R2 i RMSE bolji...). ' on input line 808.
 [15] [16]
Package epstopdf Info: Source file: <plots/time-avg-noise0.0.eps>
(epstopdf)                    date: 2022-12-01 13:08:50
(epstopdf)                    size: 22275 bytes
(epstopdf)             Output file: <plots/time-avg-noise0.0-eps-converted-to.p
df>
(epstopdf)                    date: 2022-12-01 13:08:50
(epstopdf)                    size: 15502 bytes
(epstopdf)             Command: <miktex-epstopdf --outfile=plots/time-avg-noise
0.0-eps-converted-to.pdf plots/time-avg-noise0.0.eps>
(epstopdf)             \includegraphics on input line 917.
Package epstopdf Info: Output file is already uptodate.
<plots/time-avg-noise0.0-eps-converted-to.pdf, id=114, 578.16pt x 578.16pt>
File: plots/time-avg-noise0.0-eps-converted-to.pdf Graphic file (type pdf)
<use plots/time-avg-noise0.0-eps-converted-to.pdf>
Package pdftex.def Info: plots/time-avg-noise0.0-eps-converted-to.pdf  used on 
input line 917.
(pdftex.def)             Requested size: 189.9994pt x 150.00046pt.

Overfull \hbox (27.5505pt too wide) in paragraph at lines 917--918
[][] 
 []

Package epstopdf Info: Source file: <plots/time-avg-noise0.001.eps>
(epstopdf)                    date: 2022-12-01 13:08:50
(epstopdf)                    size: 21972 bytes
(epstopdf)             Output file: <plots/time-avg-noise0.001-eps-converted-to
.pdf>
(epstopdf)                    date: 2022-12-01 13:08:50
(epstopdf)                    size: 15471 bytes
(epstopdf)             Command: <miktex-epstopdf --outfile=plots/time-avg-noise
0.001-eps-converted-to.pdf plots/time-avg-noise0.001.eps>
(epstopdf)             \includegraphics on input line 924.
Package epstopdf Info: Output file is already uptodate.
<plots/time-avg-noise0.001-eps-converted-to.pdf, id=115, 578.16pt x 578.16pt>
File: plots/time-avg-noise0.001-eps-converted-to.pdf Graphic file (type pdf)
<use plots/time-avg-noise0.001-eps-converted-to.pdf>
Package pdftex.def Info: plots/time-avg-noise0.001-eps-converted-to.pdf  used o
n input line 924.
(pdftex.def)             Requested size: 189.9994pt x 150.00046pt.

Overfull \hbox (27.5505pt too wide) in paragraph at lines 924--925
[][] 
 []

Package epstopdf Info: Source file: <plots/time-avg-noise0.01.eps>
(epstopdf)                    date: 2022-12-01 13:08:50
(epstopdf)                    size: 19092 bytes
(epstopdf)             Output file: <plots/time-avg-noise0.01-eps-converted-to.
pdf>
(epstopdf)                    date: 2022-12-01 13:08:50
(epstopdf)                    size: 14257 bytes
(epstopdf)             Command: <miktex-epstopdf --outfile=plots/time-avg-noise
0.01-eps-converted-to.pdf plots/time-avg-noise0.01.eps>
(epstopdf)             \includegraphics on input line 930.
Package epstopdf Info: Output file is already uptodate.
<plots/time-avg-noise0.01-eps-converted-to.pdf, id=116, 578.16pt x 578.16pt>
File: plots/time-avg-noise0.01-eps-converted-to.pdf Graphic file (type pdf)
<use plots/time-avg-noise0.01-eps-converted-to.pdf>
Package pdftex.def Info: plots/time-avg-noise0.01-eps-converted-to.pdf  used on
 input line 930.
(pdftex.def)             Requested size: 189.9994pt x 150.00046pt.

Overfull \hbox (27.5505pt too wide) in paragraph at lines 930--931
[][] 
 []

[17] [18] [19 <./plots/time-avg-noise0.0-eps-converted-to.pdf> <./plots/time-av
g-noise0.001-eps-converted-to.pdf> <./plots/time-avg-noise0.01-eps-converted-to
.pdf>]
<plots/Feynman_strogatz_noise_0_0-expanded.pdf, id=254, 500.39728pt x 199.34528
pt>
File: plots/Feynman_strogatz_noise_0_0-expanded.pdf Graphic file (type pdf)
<use plots/Feynman_strogatz_noise_0_0-expanded.pdf>
Package pdftex.def Info: plots/Feynman_strogatz_noise_0_0-expanded.pdf  used on
 input line 965.
(pdftex.def)             Requested size: 300.01161pt x 179.99918pt.

Overfull \hbox (29.26161pt too wide) in paragraph at lines 965--966
[][] 
 []

<plots/Feynman_strogatz_noise_0_001-expanded.pdf, id=255, 466.5061pt x 199.619p
t>
File: plots/Feynman_strogatz_noise_0_001-expanded.pdf Graphic file (type pdf)
<use plots/Feynman_strogatz_noise_0_001-expanded.pdf>
Package pdftex.def Info: plots/Feynman_strogatz_noise_0_001-expanded.pdf  used 
on input line 972.
(pdftex.def)             Requested size: 300.00078pt x 180.0057pt.

Overfull \hbox (29.25078pt too wide) in paragraph at lines 972--973
[][] 
 []

<plots/Feynman_strogatz_noise_0_01-expanded.pdf, id=256, 446.22481pt x 197.3034
4pt>
File: plots/Feynman_strogatz_noise_0_01-expanded.pdf Graphic file (type pdf)
<use plots/Feynman_strogatz_noise_0_01-expanded.pdf>
Package pdftex.def Info: plots/Feynman_strogatz_noise_0_01-expanded.pdf  used o
n input line 978.
(pdftex.def)             Requested size: 299.9972pt x 180.00401pt.

Overfull \hbox (29.2472pt too wide) in paragraph at lines 978--979
[][] 
 []

[20] [21] [22]
Package epstopdf Info: Source file: <plots/numvars_vs_exact_correct_no_noise.ep
s>
(epstopdf)                    date: 2022-12-01 13:08:50
(epstopdf)                    size: 15445 bytes
(epstopdf)             Output file: <plots/numvars_vs_exact_correct_no_noise-ep
s-converted-to.pdf>
(epstopdf)                    date: 2022-12-01 13:08:50
(epstopdf)                    size: 11011 bytes
(epstopdf)             Command: <miktex-epstopdf --outfile=plots/numvars_vs_exa
ct_correct_no_noise-eps-converted-to.pdf plots/numvars_vs_exact_correct_no_nois
e.eps>
(epstopdf)             \includegraphics on input line 1108.
Package epstopdf Info: Output file is already uptodate.
<plots/numvars_vs_exact_correct_no_noise-eps-converted-to.pdf, id=266, 433.62pt
 x 361.35pt>
File: plots/numvars_vs_exact_correct_no_noise-eps-converted-to.pdf Graphic file
 (type pdf)
<use plots/numvars_vs_exact_correct_no_noise-eps-converted-to.pdf>
Package pdftex.def Info: plots/numvars_vs_exact_correct_no_noise-eps-converted-
to.pdf  used on input line 1108.
(pdftex.def)             Requested size: 180.00188pt x 139.99962pt.

Overfull \hbox (35.60408pt too wide) in paragraph at lines 1108--1109
[][] 
 []

Package epstopdf Info: Source file: <plots/numvars_vs_exact_correct_noise0_001.
eps>
(epstopdf)                    date: 2022-12-01 13:08:50
(epstopdf)                    size: 15194 bytes
(epstopdf)             Output file: <plots/numvars_vs_exact_correct_noise0_001-
eps-converted-to.pdf>
(epstopdf)                    date: 2022-12-01 13:08:50
(epstopdf)                    size: 11001 bytes
(epstopdf)             Command: <miktex-epstopdf --outfile=plots/numvars_vs_exa
ct_correct_noise0_001-eps-converted-to.pdf plots/numvars_vs_exact_correct_noise
0_001.eps>
(epstopdf)             \includegraphics on input line 1115.
Package epstopdf Info: Output file is already uptodate.
<plots/numvars_vs_exact_correct_noise0_001-eps-converted-to.pdf, id=267, 433.62
pt x 361.35pt>
File: plots/numvars_vs_exact_correct_noise0_001-eps-converted-to.pdf Graphic fi
le (type pdf)
<use plots/numvars_vs_exact_correct_noise0_001-eps-converted-to.pdf>
Package pdftex.def Info: plots/numvars_vs_exact_correct_noise0_001-eps-converte
d-to.pdf  used on input line 1115.
(pdftex.def)             Requested size: 180.00188pt x 139.99962pt.

Overfull \hbox (35.60408pt too wide) in paragraph at lines 1115--1116
[][] 
 []

Package epstopdf Info: Source file: <plots/numvars_vs_exact_correct_noise0_01.e
ps>
(epstopdf)                    date: 2022-12-01 13:08:50
(epstopdf)                    size: 17352 bytes
(epstopdf)             Output file: <plots/numvars_vs_exact_correct_noise0_01-e
ps-converted-to.pdf>
(epstopdf)                    date: 2022-12-01 13:08:50
(epstopdf)                    size: 12116 bytes
(epstopdf)             Command: <miktex-epstopdf --outfile=plots/numvars_vs_exa
ct_correct_noise0_01-eps-converted-to.pdf plots/numvars_vs_exact_correct_noise0
_01.eps>
(epstopdf)             \includegraphics on input line 1121.
Package epstopdf Info: Output file is already uptodate.
<plots/numvars_vs_exact_correct_noise0_01-eps-converted-to.pdf, id=268, 433.62p
t x 361.35pt>
File: plots/numvars_vs_exact_correct_noise0_01-eps-converted-to.pdf Graphic fil
e (type pdf)
<use plots/numvars_vs_exact_correct_noise0_01-eps-converted-to.pdf>
Package pdftex.def Info: plots/numvars_vs_exact_correct_noise0_01-eps-converted
-to.pdf  used on input line 1121.
(pdftex.def)             Requested size: 180.00188pt x 139.99962pt.

Overfull \hbox (35.60408pt too wide) in paragraph at lines 1121--1122
[][] 
 []

Package epstopdf Info: Source file: <plots/numsize_vs_exact_correct_no_noise.ep
s>
(epstopdf)                    date: 2022-12-01 13:08:50
(epstopdf)                    size: 19162 bytes
(epstopdf)             Output file: <plots/numsize_vs_exact_correct_no_noise-ep
s-converted-to.pdf>
(epstopdf)                    date: 2022-12-01 13:08:50
(epstopdf)                    size: 12176 bytes
(epstopdf)             Command: <miktex-epstopdf --outfile=plots/numsize_vs_exa
ct_correct_no_noise-eps-converted-to.pdf plots/numsize_vs_exact_correct_no_nois
e.eps>
(epstopdf)             \includegraphics on input line 1140.
Package epstopdf Info: Output file is already uptodate.
<plots/numsize_vs_exact_correct_no_noise-eps-converted-to.pdf, id=269, 433.62pt
 x 361.35pt>
File: plots/numsize_vs_exact_correct_no_noise-eps-converted-to.pdf Graphic file
 (type pdf)
<use plots/numsize_vs_exact_correct_no_noise-eps-converted-to.pdf>
Package pdftex.def Info: plots/numsize_vs_exact_correct_no_noise-eps-converted-
to.pdf  used on input line 1140.
(pdftex.def)             Requested size: 180.00188pt x 139.99962pt.

Overfull \hbox (35.60408pt too wide) in paragraph at lines 1140--1141
[][] 
 []

Package epstopdf Info: Source file: <plots/numsize_vs_exact_correct_noise0_001.
eps>
(epstopdf)                    date: 2022-12-01 13:08:50
(epstopdf)                    size: 19174 bytes
(epstopdf)             Output file: <plots/numsize_vs_exact_correct_noise0_001-
eps-converted-to.pdf>
(epstopdf)                    date: 2022-12-01 13:08:50
(epstopdf)                    size: 12198 bytes
(epstopdf)             Command: <miktex-epstopdf --outfile=plots/numsize_vs_exa
ct_correct_noise0_001-eps-converted-to.pdf plots/numsize_vs_exact_correct_noise
0_001.eps>
(epstopdf)             \includegraphics on input line 1147.
Package epstopdf Info: Output file is already uptodate.
<plots/numsize_vs_exact_correct_noise0_001-eps-converted-to.pdf, id=270, 433.62
pt x 361.35pt>
File: plots/numsize_vs_exact_correct_noise0_001-eps-converted-to.pdf Graphic fi
le (type pdf)
<use plots/numsize_vs_exact_correct_noise0_001-eps-converted-to.pdf>
Package pdftex.def Info: plots/numsize_vs_exact_correct_noise0_001-eps-converte
d-to.pdf  used on input line 1147.
(pdftex.def)             Requested size: 180.00188pt x 139.99962pt.

Overfull \hbox (35.60408pt too wide) in paragraph at lines 1147--1148
[][] 
 []

Package epstopdf Info: Source file: <plots/numsize_vs_exact_correct_noise0_01.e
ps>
(epstopdf)                    date: 2022-12-01 13:08:50
(epstopdf)                    size: 19853 bytes
(epstopdf)             Output file: <plots/numsize_vs_exact_correct_noise0_01-e
ps-converted-to.pdf>
(epstopdf)                    date: 2022-12-01 13:08:50
(epstopdf)                    size: 12267 bytes
(epstopdf)             Command: <miktex-epstopdf --outfile=plots/numsize_vs_exa
ct_correct_noise0_01-eps-converted-to.pdf plots/numsize_vs_exact_correct_noise0
_01.eps>
(epstopdf)             \includegraphics on input line 1153.
Package epstopdf Info: Output file is already uptodate.
<plots/numsize_vs_exact_correct_noise0_01-eps-converted-to.pdf, id=271, 433.62p
t x 361.35pt>
File: plots/numsize_vs_exact_correct_noise0_01-eps-converted-to.pdf Graphic fil
e (type pdf)
<use plots/numsize_vs_exact_correct_noise0_01-eps-converted-to.pdf>
Package pdftex.def Info: plots/numsize_vs_exact_correct_noise0_01-eps-converted
-to.pdf  used on input line 1153.
(pdftex.def)             Requested size: 180.00188pt x 139.99962pt.

Overfull \hbox (35.60408pt too wide) in paragraph at lines 1153--1154
[][] 
 []

Package epstopdf Info: Source file: <plots/numsize_vs_time_no_noise.eps>
(epstopdf)                    date: 2022-12-01 13:08:50
(epstopdf)                    size: 16707 bytes
(epstopdf)             Output file: <plots/numsize_vs_time_no_noise-eps-convert
ed-to.pdf>
(epstopdf)                    date: 2022-12-01 13:08:50
(epstopdf)                    size: 11580 bytes
(epstopdf)             Command: <miktex-epstopdf --outfile=plots/numsize_vs_tim
e_no_noise-eps-converted-to.pdf plots/numsize_vs_time_no_noise.eps>
(epstopdf)             \includegraphics on input line 1171.
Package epstopdf Info: Output file is already uptodate.
<plots/numsize_vs_time_no_noise-eps-converted-to.pdf, id=272, 433.62pt x 361.35
pt>
File: plots/numsize_vs_time_no_noise-eps-converted-to.pdf Graphic file (type pd
f)
<use plots/numsize_vs_time_no_noise-eps-converted-to.pdf>
Package pdftex.def Info: plots/numsize_vs_time_no_noise-eps-converted-to.pdf  u
sed on input line 1171.
(pdftex.def)             Requested size: 180.00188pt x 139.99962pt.

Overfull \hbox (35.60408pt too wide) in paragraph at lines 1171--1172
[][] 
 []

Package epstopdf Info: Source file: <plots/vars_vs_time_noise0_001.eps>
(epstopdf)                    date: 2022-12-01 13:08:50
(epstopdf)                    size: 16909 bytes
(epstopdf)             Output file: <plots/vars_vs_time_noise0_001-eps-converte
d-to.pdf>
(epstopdf)                    date: 2022-12-01 13:08:50
(epstopdf)                    size: 11781 bytes
(epstopdf)             Command: <miktex-epstopdf --outfile=plots/vars_vs_time_n
oise0_001-eps-converted-to.pdf plots/vars_vs_time_noise0_001.eps>
(epstopdf)             \includegraphics on input line 1178.
Package epstopdf Info: Output file is already uptodate.
<plots/vars_vs_time_noise0_001-eps-converted-to.pdf, id=273, 433.62pt x 361.35p
t>
File: plots/vars_vs_time_noise0_001-eps-converted-to.pdf Graphic file (type pdf
)
<use plots/vars_vs_time_noise0_001-eps-converted-to.pdf>
Package pdftex.def Info: plots/vars_vs_time_noise0_001-eps-converted-to.pdf  us
ed on input line 1178.
(pdftex.def)             Requested size: 180.00188pt x 139.99962pt.

Overfull \hbox (35.60408pt too wide) in paragraph at lines 1178--1179
[][] 
 []

Package epstopdf Info: Source file: <plots/vars_vs_time_noise0_01.eps>
(epstopdf)                    date: 2022-12-01 13:08:50
(epstopdf)                    size: 15049 bytes
(epstopdf)             Output file: <plots/vars_vs_time_noise0_01-eps-converted
-to.pdf>
(epstopdf)                    date: 2022-12-01 13:08:50
(epstopdf)                    size: 10881 bytes
(epstopdf)             Command: <miktex-epstopdf --outfile=plots/vars_vs_time_n
oise0_01-eps-converted-to.pdf plots/vars_vs_time_noise0_01.eps>
(epstopdf)             \includegraphics on input line 1184.
Package epstopdf Info: Output file is already uptodate.
<plots/vars_vs_time_noise0_01-eps-converted-to.pdf, id=274, 433.62pt x 361.35pt
>
File: plots/vars_vs_time_noise0_01-eps-converted-to.pdf Graphic file (type pdf)

<use plots/vars_vs_time_noise0_01-eps-converted-to.pdf>
Package pdftex.def Info: plots/vars_vs_time_noise0_01-eps-converted-to.pdf  use
d on input line 1184.
(pdftex.def)             Requested size: 180.00188pt x 139.99962pt.

Overfull \hbox (35.60408pt too wide) in paragraph at lines 1184--1185
[][] 
 []

[23]

LaTeX Font Warning: Font shape `OT1/cmss/bx/sc' undefined
(Font)              using `OT1/cmss/bx/n' instead on input line 1208.

(C:\Program Files\MiKTeX\tex/latex/listings\lstlang1.sty
File: lstlang1.sty 2020/03/24 1.8d listings language file
)
LaTeX Font Info:    Font shape `OT1/cmtt/bx/n' in size <8> not available
(Font)              Font shape `OT1/cmtt/m/n' tried instead on input line 1217.

 [24] (bmc_jbd.bbl
[25]
LaTeX Font Info:    Font shape `OT1/cmss/m/it' in size <7> not available
(Font)              Font shape `OT1/cmss/m/sl' tried instead on input line 558.

 [26]) 
AED: lastpage setting LastPage
[27] [28 <./plots/Feynman_strogatz_noise_0_0-expanded.pdf> <./plots/Feynman_str
ogatz_noise_0_001-expanded.pdf

pdfTeX warning: pdflatex.exe (file ./plots/Feynman_strogatz_noise_0_001-expande
d.pdf): PDF inclusion: multiple pdfs with page group included in a single page
> <./plots/Feynman_strogatz_noise_0_01-expanded.pdf

pdfTeX warning: pdflatex.exe (file ./plots/Feynman_strogatz_noise_0_01-expanded
.pdf): PDF inclusion: multiple pdfs with page group included in a single page
>] [29 <./plots/numvars_vs_exact_correct_no_noise-eps-converted-to.pdf> <./plot
s/numvars_vs_exact_correct_noise0_001-eps-converted-to.pdf> <./plots/numvars_vs
_exact_correct_noise0_01-eps-converted-to.pdf>] [30 <./plots/numsize_vs_exact_c
orrect_no_noise-eps-converted-to.pdf> <./plots/numsize_vs_exact_correct_noise0_
001-eps-converted-to.pdf> <./plots/numsize_vs_exact_correct_noise0_01-eps-conve
rted-to.pdf>] [31 <./plots/numsize_vs_time_no_noise-eps-converted-to.pdf> <./pl
ots/vars_vs_time_noise0_001-eps-converted-to.pdf> <./plots/vars_vs_time_noise0_
01-eps-converted-to.pdf>]

FiXme Summary: Number of notes: 1,
(FiXme)        Number of warnings: 0,
(FiXme)        Number of errors: 0,
(FiXme)        Number of fatal errors: 0,
(FiXme)        Total: 1.

(bmc_jbd.aux)

LaTeX Font Warning: Size substitutions with differences
(Font)              up to 1.0pt have occurred.


LaTeX Font Warning: Some font shapes were not available, defaults substituted.

 ) 
Here is how much of TeX's memory you used:
 32808 strings out of 479321
 788088 string characters out of 2866486
 1522800 words of memory out of 3000000
 49676 multiletter control sequences out of 15000+600000
 421408 words of font info for 98 fonts, out of 8000000 for 9000
 1141 hyphenation exceptions out of 8191
 87i,17n,96p,1479b,2198s stack positions out of 5000i,500n,10000p,200000b,80000s
 <C:\Users\Aleksandar\AppData\Local\MiKTeX\fonts/pk/ljfour/jknappen/ec/dpi600
\tcrm1000.pk><C:/Program Files/MiKTeX/fonts/type1/public/amsfonts/cm/cmbx10.pfb
><C:/Program Files/MiKTeX/fonts/type1/public/amsfonts/cm/cmbx7.pfb><C:/Program 
Files/MiKTeX/fonts/type1/public/amsfonts/cm/cmbx8.pfb><C:/Program Files/MiKTeX/
fonts/type1/public/amsfonts/cm/cmcsc10.pfb><C:/Program Files/MiKTeX/fonts/type1
/public/amsfonts/cm/cmex10.pfb><C:/Program Files/MiKTeX/fonts/type1/public/amsf
onts/cmextra/cmex7.pfb><C:/Program Files/MiKTeX/fonts/type1/public/amsfonts/cme
xtra/cmex8.pfb><C:/Program Files/MiKTeX/fonts/type1/public/amsfonts/cm/cmmi10.p
fb><C:/Program Files/MiKTeX/fonts/type1/public/amsfonts/cm/cmmi5.pfb><C:/Progra
m Files/MiKTeX/fonts/type1/public/amsfonts/cm/cmmi6.pfb><C:/Program Files/MiKTe
X/fonts/type1/public/amsfonts/cm/cmmi7.pfb><C:/Program Files/MiKTeX/fonts/type1
/public/amsfonts/cm/cmmi8.pfb><C:/Program Files/MiKTeX/fonts/type1/public/amsfo
nts/cm/cmmi9.pfb><C:/Program Files/MiKTeX/fonts/type1/public/amsfonts/cm/cmr10.
pfb><C:/Program Files/MiKTeX/fonts/type1/public/amsfonts/cm/cmr5.pfb><C:/Progra
m Files/MiKTeX/fonts/type1/public/amsfonts/cm/cmr6.pfb><C:/Program Files/MiKTeX
/fonts/type1/public/amsfonts/cm/cmr7.pfb><C:/Program Files/MiKTeX/fonts/type1/p
ublic/amsfonts/cm/cmr8.pfb><C:/Program Files/MiKTeX/fonts/type1/public/amsfonts
/cm/cmr9.pfb><C:/Program Files/MiKTeX/fonts/type1/public/amsfonts/cm/cmsltt10.p
fb><C:/Program Files/MiKTeX/fonts/type1/public/amsfonts/cm/cmss10.pfb><C:/Progr
am Files/MiKTeX/fonts/type1/public/amsfonts/cm/cmss17.pfb><C:/Program Files/MiK
TeX/fonts/type1/public/amsfonts/cm/cmss8.pfb><C:/Program Files/MiKTeX/fonts/typ
e1/public/amsfonts/cm/cmssbx10.pfb><C:/Program Files/MiKTeX/fonts/type1/public/
amsfonts/cm/cmssi8.pfb><C:/Program Files/MiKTeX/fonts/type1/public/amsfonts/cm/
cmsy10.pfb><C:/Program Files/MiKTeX/fonts/type1/public/amsfonts/cm/cmsy6.pfb><C
:/Program Files/MiKTeX/fonts/type1/public/amsfonts/cm/cmsy7.pfb><C:/Program Fil
es/MiKTeX/fonts/type1/public/amsfonts/cm/cmsy8.pfb><C:/Program Files/MiKTeX/fon
ts/type1/public/amsfonts/cm/cmsy9.pfb><C:/Program Files/MiKTeX/fonts/type1/publ
ic/amsfonts/cm/cmti10.pfb><C:/Program Files/MiKTeX/fonts/type1/public/amsfonts/
cm/cmtt10.pfb><C:/Program Files/MiKTeX/fonts/type1/public/amsfonts/cm/cmtt8.pfb
><C:/Program Files/MiKTeX/fonts/type1/public/amsfonts/symbols/msbm10.pfb>
Output written on bmc_jbd.pdf (31 pages, 732655 bytes).
PDF statistics:
 680 PDF objects out of 1000 (max. 8388607)
 0 named destinations out of 1000 (max. 500000)
 190 words of extra memory for PDF output out of 10000 (max. 10000000)

